{"/Users/Tona-/Desktop/gitfun/greyscale/reviews_tonaR/database/cassandra/cassandra.js": {"path":"/Users/Tona-/Desktop/gitfun/greyscale/reviews_tonaR/database/cassandra/cassandra.js","statementMap":{"0":{"start":{"line":1,"column":18},"end":{"line":1,"column":45}},"1":{"start":{"line":3,"column":15},"end":{"line":3,"column":103}},"2":{"start":{"line":4,"column":0},"end":{"line":6,"column":53}},"3":{"start":{"line":5,"column":11},"end":{"line":5,"column":36}},"4":{"start":{"line":6,"column":14},"end":{"line":6,"column":52}},"5":{"start":{"line":9,"column":36},"end":{"line":18,"column":1}},"6":{"start":{"line":10,"column":16},"end":{"line":10,"column":81}},"7":{"start":{"line":11,"column":2},"end":{"line":11,"column":60}},"8":{"start":{"line":20,"column":30},"end":{"line":30,"column":1}},"9":{"start":{"line":21,"column":16},"end":{"line":21,"column":73}},"10":{"start":{"line":22,"column":2},"end":{"line":22,"column":60}},"11":{"start":{"line":32,"column":24},"end":{"line":42,"column":1}},"12":{"start":{"line":33,"column":16},"end":{"line":33,"column":67}},"13":{"start":{"line":34,"column":2},"end":{"line":34,"column":60}},"14":{"start":{"line":45,"column":21},"end":{"line":56,"column":1}},"15":{"start":{"line":46,"column":16},"end":{"line":48,"column":49}},"16":{"start":{"line":49,"column":2},"end":{"line":49,"column":58}},"17":{"start":{"line":59,"column":19},"end":{"line":68,"column":1}},"18":{"start":{"line":60,"column":16},"end":{"line":60,"column":200}},"19":{"start":{"line":61,"column":2},"end":{"line":61,"column":32}},"20":{"start":{"line":71,"column":21},"end":{"line":80,"column":1}},"21":{"start":{"line":72,"column":16},"end":{"line":72,"column":91}},"22":{"start":{"line":73,"column":2},"end":{"line":73,"column":85}},"23":{"start":{"line":82,"column":0},"end":{"line":89,"column":2}}},"fnMap":{"0":{"name":"(anonymous_0)","decl":{"start":{"line":5,"column":6},"end":{"line":5,"column":7}},"loc":{"start":{"line":5,"column":11},"end":{"line":5,"column":36}},"line":5},"1":{"name":"(anonymous_1)","decl":{"start":{"line":6,"column":7},"end":{"line":6,"column":8}},"loc":{"start":{"line":6,"column":14},"end":{"line":6,"column":52}},"line":6},"2":{"name":"(anonymous_2)","decl":{"start":{"line":9,"column":36},"end":{"line":9,"column":37}},"loc":{"start":{"line":9,"column":48},"end":{"line":18,"column":1}},"line":9},"3":{"name":"(anonymous_3)","decl":{"start":{"line":20,"column":30},"end":{"line":20,"column":31}},"loc":{"start":{"line":20,"column":42},"end":{"line":30,"column":1}},"line":20},"4":{"name":"(anonymous_4)","decl":{"start":{"line":32,"column":24},"end":{"line":32,"column":25}},"loc":{"start":{"line":32,"column":34},"end":{"line":42,"column":1}},"line":32},"5":{"name":"(anonymous_5)","decl":{"start":{"line":45,"column":21},"end":{"line":45,"column":22}},"loc":{"start":{"line":45,"column":31},"end":{"line":56,"column":1}},"line":45},"6":{"name":"(anonymous_6)","decl":{"start":{"line":59,"column":19},"end":{"line":59,"column":20}},"loc":{"start":{"line":59,"column":32},"end":{"line":68,"column":1}},"line":59},"7":{"name":"(anonymous_7)","decl":{"start":{"line":71,"column":21},"end":{"line":71,"column":22}},"loc":{"start":{"line":71,"column":31},"end":{"line":80,"column":1}},"line":71}},"branchMap":{},"s":{"0":1,"1":1,"2":1,"3":1,"4":0,"5":1,"6":5,"7":5,"8":1,"9":0,"10":0,"11":1,"12":0,"13":0,"14":1,"15":3,"16":3,"17":1,"18":1,"19":1,"20":1,"21":3,"22":3,"23":1},"f":{"0":1,"1":0,"2":5,"3":0,"4":0,"5":3,"6":1,"7":3},"b":{},"_coverageSchema":"332fd63041d2c1bcb487cc26dd0d5f7d97098a6c","hash":"27b238ba58396d49dbab341d4d78ac92f39a2af6"}
}
