{"/Users/Tona-/Desktop/gitfun/greyscale/reviews_tonaR/database/cassandra/cassandra.js": {"path":"/Users/Tona-/Desktop/gitfun/greyscale/reviews_tonaR/database/cassandra/cassandra.js","statementMap":{"0":{"start":{"line":1,"column":18},"end":{"line":1,"column":45}},"1":{"start":{"line":3,"column":15},"end":{"line":3,"column":103}},"2":{"start":{"line":4,"column":0},"end":{"line":4,"column":17}},"3":{"start":{"line":7,"column":35},"end":{"line":16,"column":1}},"4":{"start":{"line":8,"column":16},"end":{"line":8,"column":80}},"5":{"start":{"line":9,"column":2},"end":{"line":15,"column":7}},"6":{"start":{"line":11,"column":6},"end":{"line":11,"column":34}},"7":{"start":{"line":14,"column":6},"end":{"line":14,"column":26}},"8":{"start":{"line":18,"column":30},"end":{"line":28,"column":1}},"9":{"start":{"line":19,"column":16},"end":{"line":19,"column":73}},"10":{"start":{"line":20,"column":2},"end":{"line":27,"column":7}},"11":{"start":{"line":22,"column":24},"end":{"line":22,"column":58}},"12":{"start":{"line":23,"column":6},"end":{"line":23,"column":32}},"13":{"start":{"line":26,"column":6},"end":{"line":26,"column":19}},"14":{"start":{"line":30,"column":24},"end":{"line":40,"column":1}},"15":{"start":{"line":31,"column":16},"end":{"line":31,"column":67}},"16":{"start":{"line":32,"column":2},"end":{"line":39,"column":7}},"17":{"start":{"line":34,"column":24},"end":{"line":34,"column":55}},"18":{"start":{"line":35,"column":6},"end":{"line":35,"column":32}},"19":{"start":{"line":38,"column":6},"end":{"line":38,"column":20}},"20":{"start":{"line":43,"column":21},"end":{"line":54,"column":1}},"21":{"start":{"line":44,"column":16},"end":{"line":46,"column":49}},"22":{"start":{"line":47,"column":2},"end":{"line":53,"column":7}},"23":{"start":{"line":49,"column":6},"end":{"line":49,"column":29}},"24":{"start":{"line":52,"column":6},"end":{"line":52,"column":26}},"25":{"start":{"line":57,"column":19},"end":{"line":66,"column":1}},"26":{"start":{"line":58,"column":16},"end":{"line":58,"column":200}},"27":{"start":{"line":59,"column":2},"end":{"line":65,"column":7}},"28":{"start":{"line":61,"column":6},"end":{"line":61,"column":29}},"29":{"start":{"line":64,"column":6},"end":{"line":64,"column":26}},"30":{"start":{"line":69,"column":21},"end":{"line":78,"column":1}},"31":{"start":{"line":70,"column":16},"end":{"line":70,"column":91}},"32":{"start":{"line":71,"column":2},"end":{"line":77,"column":7}},"33":{"start":{"line":73,"column":6},"end":{"line":73,"column":29}},"34":{"start":{"line":76,"column":6},"end":{"line":76,"column":20}},"35":{"start":{"line":80,"column":0},"end":{"line":80,"column":81}},"36":{"start":{"line":80,"column":77},"end":{"line":80,"column":78}},"37":{"start":{"line":82,"column":0},"end":{"line":89,"column":2}}},"fnMap":{"0":{"name":"(anonymous_0)","decl":{"start":{"line":7,"column":35},"end":{"line":7,"column":36}},"loc":{"start":{"line":7,"column":57},"end":{"line":16,"column":1}},"line":7},"1":{"name":"(anonymous_1)","decl":{"start":{"line":10,"column":10},"end":{"line":10,"column":11}},"loc":{"start":{"line":10,"column":20},"end":{"line":12,"column":5}},"line":10},"2":{"name":"(anonymous_2)","decl":{"start":{"line":13,"column":11},"end":{"line":13,"column":12}},"loc":{"start":{"line":13,"column":18},"end":{"line":15,"column":5}},"line":13},"3":{"name":"(anonymous_3)","decl":{"start":{"line":18,"column":30},"end":{"line":18,"column":31}},"loc":{"start":{"line":18,"column":52},"end":{"line":28,"column":1}},"line":18},"4":{"name":"(anonymous_4)","decl":{"start":{"line":21,"column":10},"end":{"line":21,"column":11}},"loc":{"start":{"line":21,"column":20},"end":{"line":24,"column":5}},"line":21},"5":{"name":"(anonymous_5)","decl":{"start":{"line":25,"column":11},"end":{"line":25,"column":12}},"loc":{"start":{"line":25,"column":18},"end":{"line":27,"column":5}},"line":25},"6":{"name":"(anonymous_6)","decl":{"start":{"line":30,"column":24},"end":{"line":30,"column":25}},"loc":{"start":{"line":30,"column":46},"end":{"line":40,"column":1}},"line":30},"7":{"name":"(anonymous_7)","decl":{"start":{"line":33,"column":10},"end":{"line":33,"column":11}},"loc":{"start":{"line":33,"column":20},"end":{"line":36,"column":5}},"line":33},"8":{"name":"(anonymous_8)","decl":{"start":{"line":37,"column":11},"end":{"line":37,"column":12}},"loc":{"start":{"line":37,"column":18},"end":{"line":39,"column":5}},"line":37},"9":{"name":"(anonymous_9)","decl":{"start":{"line":43,"column":21},"end":{"line":43,"column":22}},"loc":{"start":{"line":43,"column":43},"end":{"line":54,"column":1}},"line":43},"10":{"name":"(anonymous_10)","decl":{"start":{"line":48,"column":10},"end":{"line":48,"column":11}},"loc":{"start":{"line":48,"column":20},"end":{"line":50,"column":7}},"line":48},"11":{"name":"(anonymous_11)","decl":{"start":{"line":51,"column":11},"end":{"line":51,"column":12}},"loc":{"start":{"line":51,"column":18},"end":{"line":53,"column":5}},"line":51},"12":{"name":"(anonymous_12)","decl":{"start":{"line":57,"column":19},"end":{"line":57,"column":20}},"loc":{"start":{"line":57,"column":44},"end":{"line":66,"column":1}},"line":57},"13":{"name":"(anonymous_13)","decl":{"start":{"line":60,"column":10},"end":{"line":60,"column":11}},"loc":{"start":{"line":60,"column":20},"end":{"line":62,"column":5}},"line":60},"14":{"name":"(anonymous_14)","decl":{"start":{"line":63,"column":11},"end":{"line":63,"column":12}},"loc":{"start":{"line":63,"column":18},"end":{"line":65,"column":5}},"line":63},"15":{"name":"(anonymous_15)","decl":{"start":{"line":69,"column":21},"end":{"line":69,"column":22}},"loc":{"start":{"line":69,"column":43},"end":{"line":78,"column":1}},"line":69},"16":{"name":"(anonymous_16)","decl":{"start":{"line":72,"column":10},"end":{"line":72,"column":11}},"loc":{"start":{"line":72,"column":20},"end":{"line":74,"column":5}},"line":72},"17":{"name":"(anonymous_17)","decl":{"start":{"line":75,"column":11},"end":{"line":75,"column":12}},"loc":{"start":{"line":75,"column":18},"end":{"line":77,"column":5}},"line":75},"18":{"name":"(anonymous_18)","decl":{"start":{"line":80,"column":72},"end":{"line":80,"column":73}},"loc":{"start":{"line":80,"column":77},"end":{"line":80,"column":78}},"line":80}},"branchMap":{},"s":{"0":1,"1":1,"2":1,"3":1,"4":6,"5":6,"6":0,"7":0,"8":1,"9":0,"10":0,"11":0,"12":0,"13":0,"14":1,"15":0,"16":0,"17":0,"18":0,"19":0,"20":1,"21":3,"22":3,"23":0,"24":0,"25":1,"26":1,"27":1,"28":0,"29":0,"30":1,"31":2,"32":2,"33":0,"34":0,"35":1,"36":0,"37":1},"f":{"0":6,"1":0,"2":0,"3":0,"4":0,"5":0,"6":0,"7":0,"8":0,"9":3,"10":0,"11":0,"12":1,"13":0,"14":0,"15":2,"16":0,"17":0,"18":0},"b":{},"_coverageSchema":"332fd63041d2c1bcb487cc26dd0d5f7d97098a6c","hash":"d15d61f31343cbe75462f1f9f128cd7b347157db"}
}
