TN:
SF:/Users/Tona-/Desktop/gitfun/greyscale/reviews_tonaR/database/cassandra/cassandra.js
FN:5,(anonymous_0)
FN:6,(anonymous_1)
FN:9,(anonymous_2)
FN:12,(anonymous_3)
FN:15,(anonymous_4)
FN:20,(anonymous_5)
FN:23,(anonymous_6)
FN:27,(anonymous_7)
FN:32,(anonymous_8)
FN:35,(anonymous_9)
FN:39,(anonymous_10)
FN:45,(anonymous_11)
FN:50,(anonymous_12)
FN:53,(anonymous_13)
FN:59,(anonymous_14)
FN:62,(anonymous_15)
FN:65,(anonymous_16)
FN:71,(anonymous_17)
FN:74,(anonymous_18)
FN:77,(anonymous_19)
FNF:20
FNH:3
FNDA:0,(anonymous_0)
FNDA:0,(anonymous_1)
FNDA:2,(anonymous_2)
FNDA:0,(anonymous_3)
FNDA:0,(anonymous_4)
FNDA:0,(anonymous_5)
FNDA:0,(anonymous_6)
FNDA:0,(anonymous_7)
FNDA:0,(anonymous_8)
FNDA:0,(anonymous_9)
FNDA:0,(anonymous_10)
FNDA:1,(anonymous_11)
FNDA:0,(anonymous_12)
FNDA:0,(anonymous_13)
FNDA:0,(anonymous_14)
FNDA:0,(anonymous_15)
FNDA:0,(anonymous_16)
FNDA:1,(anonymous_17)
FNDA:0,(anonymous_18)
FNDA:0,(anonymous_19)
DA:1,1
DA:3,1
DA:4,1
DA:5,0
DA:6,0
DA:9,1
DA:10,2
DA:11,2
DA:13,0
DA:16,0
DA:20,1
DA:21,0
DA:22,0
DA:24,0
DA:25,0
DA:28,0
DA:32,1
DA:33,0
DA:34,0
DA:36,0
DA:37,0
DA:40,0
DA:45,1
DA:46,1
DA:49,1
DA:51,0
DA:54,0
DA:59,1
DA:60,0
DA:61,0
DA:63,0
DA:66,0
DA:71,1
DA:72,1
DA:73,1
DA:75,0
DA:78,0
DA:82,1
LF:38
LH:16
BRF:0
BRH:0
end_of_record
